2017-06-16 18:25:49:1995575296:DEBUG:Read configuration for 1 serial port(s)
2017-06-16 18:25:49:1995575296:ENTER_EXIT:Exitting init function
2017-06-16 18:25:49:1995575296:ENTER_EXIT:Entering ip_init_server_conn function
2017-06-16 18:25:49:1995575296:DEBUG:Creating server socket
2017-06-16 18:25:49:1995575296:DEBUG:Binding server socket to port 6400
2017-06-16 18:25:49:1995575296:INFO:Server socket bound to port
2017-06-16 18:25:49:1995575296:INFO:Server socket listening for connections
2017-06-16 18:25:49:1995575296:ENTER_EXIT:Exitting ip_init_server_conn function
2017-06-16 18:25:49:1995575296:ENTER_EXIT:Entering dce_init_conn function
2017-06-16 18:25:49:1995575296:ENTER_EXIT:Entering ser_init_conn function
2017-06-16 18:25:49:1995575296:ENTER_EXIT:Entering ser_get_bps_const function
2017-06-16 18:25:49:1995575296:DEBUG:Checking speed: 2400
2017-06-16 18:25:49:1995575296:ENTER_EXIT:Exitting ser_get_bps_const function
2017-06-16 18:25:49:1995575296:INFO:Opening serial device
2017-06-16 18:25:49:1995575296:INFO:Opened serial device /dev/ttyAMA0 at speed 2400 as fd 8
2017-06-16 18:25:49:1995575296:INFO:serial device configured
2017-06-16 18:25:49:1995575296:ENTER_EXIT:Exitting ser_init_conn function
2017-06-16 18:25:49:1995575296:ENTER_EXIT:Exitting dce_init_conn function
2017-06-16 18:25:49:1995575296:DEBUG_X:Waiting for incoming connections and/or indicators
2017-06-16 18:25:49:1993786480:ENTER_EXIT:Entering run_bridge function
2017-06-16 18:25:49:1993786480:DEBUG_X:CTRL thread ID=1985397872
2017-06-16 18:25:49:1993786480:DEBUG_X:IP thread ID=1977009264
2017-06-16 18:25:49:1985397872:ENTER_EXIT:Entering ctrl_thread function
2017-06-16 18:25:49:1985397872:ENTER_EXIT:Entering dce_check_control_lines function
2017-06-16 18:25:49:1977009264:ENTER_EXIT:Entering ip_thread function
2017-06-16 18:25:49:1993786480:INFO:Control Lines: DSR:1 DCD:0 CTS:1
2017-06-16 18:25:49:1993786480:ENTER_EXIT:Entering dce_set_control_lines function
2017-06-16 18:25:49:1993786480:DEBUG_X:Setting CTS pin high
2017-06-16 18:25:49:1993786480:DEBUG_X:Setting DCD pin low
2017-06-16 18:25:49:1993786480:ENTER_EXIT:Exitting dce_set_control_lines function
2017-06-16 18:25:49:1993786480:ENTER_EXIT:Entering mdm_disconnect function
2017-06-16 18:25:49:1993786480:INFO:Disconnecting modem
2017-06-16 18:25:49:1993786480:INFO:Disconnecting
2017-06-16 18:25:49:1993786480:INFO:Control Lines: DSR:1 DCD:0 CTS:1
2017-06-16 18:25:49:1993786480:ENTER_EXIT:Entering dce_set_control_lines function
2017-06-16 18:25:49:1993786480:DEBUG_X:Setting CTS pin high
2017-06-16 18:25:49:1993786480:DEBUG_X:Setting DCD pin low
2017-06-16 18:25:49:1993786480:ENTER_EXIT:Exitting dce_set_control_lines function
2017-06-16 18:25:49:1993786480:ENTER_EXIT:Exitting mdm_disconnect function
2017-06-16 18:25:49:1993786480:ENTER_EXIT:Entering mdm_parse_cmd function
2017-06-16 18:25:49:1993786480:DEBUG:Evaluating ATs0=1&s7=30&e0m0v0c0x1&k0&w
2017-06-16 18:25:49:1993786480:DEBUG:Command: S (83), Flags: 0, index=4, num=0, data=3-4
2017-06-16 18:25:49:1993786480:DEBUG:Command: S (339), Flags: 1, index=7, num=7, data=0-0
2017-06-16 18:25:49:1993786480:DEBUG:Command: = (61), Flags: 0, index=10, num=30, data=0-0
2017-06-16 18:25:49:1993786480:DEBUG:Command: E (325), Flags: 1, index=13, num=0, data=0-0
2017-06-16 18:25:49:1993786480:DEBUG:Command: M (77), Flags: 0, index=15, num=0, data=0-0
2017-06-16 18:25:49:1993786480:DEBUG:Command: V (86), Flags: 0, index=17, num=0, data=0-0
2017-06-16 18:25:49:1993786480:DEBUG:Command: C (67), Flags: 0, index=19, num=0, data=0-0
2017-06-16 18:25:49:1993786480:DEBUG:Command: X (88), Flags: 0, index=21, num=1, data=0-0
2017-06-16 18:25:49:1993786480:DEBUG:Command: K (331), Flags: 1, index=24, num=0, data=0-0
2017-06-16 18:25:49:1993786480:ENTER_EXIT:Entering dce_set_flow_control function
2017-06-16 18:25:49:1993786480:DEBUG_X:Setting NONE flow control
2017-06-16 18:25:49:1993786480:ENTER_EXIT:Exitting dce_set_flow_control function
2017-06-16 18:25:49:1993786480:DEBUG:Command: W (343), Flags: 1, index=26, num=0, data=0-0
2017-06-16 18:25:49:1993786480:DEBUG:Command:   (-1), Flags: -1, index=26, num=0, data=0-0
2017-06-16 18:25:49:1993786480:DEBUG:Sending OK response to modem
2017-06-16 18:25:49:1993786480:DEBUG_X:Sending numeric response
2017-06-16 18:25:49:1993786480:DEBUG_X:Waiting for modem/control line/timer/socket activity
2017-06-16 18:25:49:1993786480:DEBUG_X:Command Mode=1, Connection status=0
