Wed Jul 20 12:01:01 UTC 2016
...backup complete
...update complete
Thu Jul 21 11:01:02 UTC 2016
...backup complete
...update complete
Fri Jul 22 11:01:31 UTC 2016
...backup complete
...update complete
Sat Jul 23 11:01:01 UTC 2016
...backup complete
...update complete
Sun Jul 24 11:01:01 UTC 2016
...backup complete
...update complete
Mon Jul 25 11:01:01 UTC 2016
...backup complete
...update complete
Tue Jul 26 11:01:01 UTC 2016
...backup complete
...update complete
Wed Jul 27 11:01:02 UTC 2016
...backup complete
...update complete
Thu Jul 28 11:01:01 UTC 2016
...backup complete
...update complete
Fri Jul 29 11:01:01 UTC 2016
...backup complete
...update complete
Sat Jul 30 11:01:01 UTC 2016
...backup complete
...update complete
Sun Jul 31 11:01:01 UTC 2016
...backup complete
...update complete
Mon Aug  1 11:01:01 UTC 2016
...backup complete
...update complete
Tue Aug  2 11:01:01 UTC 2016
...backup complete
...update complete
Wed Aug  3 11:01:01 UTC 2016
...backup complete
...update complete
Thu Aug  4 11:01:01 UTC 2016
...backup complete
...update complete
Fri Aug  5 11:01:01 UTC 2016
...backup complete
...update complete
Sat Aug  6 11:01:02 UTC 2016
...backup complete
...update complete
Sun Aug  7 11:01:02 UTC 2016
...backup complete
...update complete
Mon Aug  8 11:01:01 UTC 2016
...backup complete
...update complete
Tue Aug  9 11:01:02 UTC 2016
...backup complete
...update complete
Wed Aug 10 11:01:01 UTC 2016
...backup complete
...update complete
Thu Aug 11 11:01:02 UTC 2016
...backup complete
...update complete
Fri Aug 12 11:01:02 UTC 2016
...backup complete
...update complete
Sat Aug 13 11:01:02 UTC 2016
...backup complete
...update complete
Sun Aug 14 11:01:01 UTC 2016
...backup complete
...update complete
Mon Aug 15 11:01:01 UTC 2016
...backup complete
...update complete
Tue Aug 16 11:01:01 UTC 2016
...backup complete
...update complete
Tue Aug 16 23:24:14 PDT 2016
...backup complete
...update complete
Wed Aug 17 11:01:01 UTC 2016
...backup complete
...update complete
Thu Aug 18 00:23:58 PDT 2016
...backup complete
...update complete
Thu Aug 18 02:24:37 PDT 2016
...update complete
Thu Aug 18 02:27:21 PDT 2016
...update complete
Thu Aug 18 11:00:11 UTC 2016
...update complete
Fri Aug 19 11:00:11 UTC 2016
...update complete
Fri Aug 19 08:07:03 PDT 2016
Fri Aug 19 08:09:26 PDT 2016
...update complete
Fri Aug 19 08:11:43 PDT 2016
...update complete
Sat Aug 20 11:00:32 UTC 2016
...update complete
Sun Aug 21 11:00:31 UTC 2016
...update complete
Mon Aug 22 11:00:32 UTC 2016
...update complete
Tue Aug 23 11:00:32 UTC 2016
...update complete
Wed Aug 24 11:00:32 UTC 2016
...update complete
Thu Aug 25 11:00:32 UTC 2016
...update complete
Fri Aug 26 11:00:31 UTC 2016
...update complete
Sat Aug 27 11:00:31 UTC 2016
...update complete
Sat Aug 27 04:08:51 PDT 2016
...update complete
Sat Aug 27 04:10:53 PDT 2016
...update complete
Sat Aug 27 04:20:14 PDT 2016
...update complete
Sat Aug 27 04:52:42 PDT 2016
...update complete
Sun Aug 28 11:00:31 UTC 2016
...update complete
Mon Aug 29 11:00:31 UTC 2016
...update complete
Tue Aug 30 11:00:31 UTC 2016
...update complete
Wed Aug 31 11:00:31 UTC 2016
...update complete
Thu Sep  1 11:00:31 UTC 2016
...update complete
Fri Sep  2 11:00:32 UTC 2016
...update complete
Sat Sep  3 11:00:31 UTC 2016
...update complete
Sun Sep  4 11:00:31 UTC 2016
...update complete
Mon Sep  5 11:00:31 UTC 2016
...update complete
Tue Sep  6 11:00:32 UTC 2016
...update complete
Wed Sep  7 11:00:31 UTC 2016
...update complete
Thu Sep  8 11:00:31 UTC 2016
...update complete
Fri Sep  9 11:00:31 UTC 2016
...update complete
...backupsubs complete
Sat Sep 10 11:21:33 UTC 2016
...update complete
...backupsubs complete
Sun Sep 11 11:00:32 UTC 2016
...update complete
...backupsubs complete
Mon Sep 12 11:00:31 UTC 2016
...update complete
...backupsubs complete
Tue Sep 13 11:00:32 UTC 2016
...update complete
...backupsubs complete
Wed Sep 14 11:00:32 UTC 2016
...update complete
...backupsubs complete
Thu Sep 15 11:00:31 UTC 2016
...update complete
...backupsubs complete
Fri Sep 16 11:00:31 UTC 2016
...update complete
...backupsubs complete
Sat Sep 17 11:00:32 UTC 2016
...update complete
...backupsubs complete
Sun Sep 18 11:00:31 UTC 2016
...update complete
...backupsubs complete
Mon Sep 19 11:00:31 UTC 2016
...update complete
...backupsubs complete
Tue Sep 20 11:00:31 UTC 2016
...update complete
...backupsubs complete
Wed Sep 21 11:00:32 UTC 2016
...update complete
...backupsubs complete
Thu Sep 22 11:00:31 UTC 2016
...update complete
...backupsubs complete
Fri Sep 23 11:00:31 UTC 2016
...update complete
...backupsubs complete
Sat Sep 24 11:00:31 UTC 2016
...update complete
...backupsubs complete
Sun Sep 25 11:00:31 UTC 2016
...update complete
...backupsubs complete
Mon Sep 26 11:00:31 UTC 2016
...update complete
...backupsubs complete
Tue Sep 27 11:00:31 UTC 2016
...update complete
...backupsubs complete
Wed Sep 28 11:00:31 UTC 2016
...update complete
...backupsubs complete
Thu Sep 29 11:00:31 UTC 2016
...update complete
...backupsubs complete
Fri Sep 30 11:00:31 UTC 2016
...update complete
...backupsubs complete
Sat Oct  1 11:00:31 UTC 2016
...update complete
...backupsubs complete
Sun Oct  2 11:00:32 UTC 2016
...update complete
...backupsubs complete
Mon Oct  3 11:00:31 UTC 2016
...update complete
...backupsubs complete
Tue Oct  4 11:00:31 UTC 2016
...update complete
...backupsubs complete
Wed Oct  5 11:00:31 UTC 2016
...update complete
...backupsubs complete
Thu Oct  6 11:00:31 UTC 2016
...update complete
...backupsubs complete
Fri Oct  7 11:00:31 UTC 2016
...update complete
...backupsubs complete
Sat Oct  8 11:00:31 UTC 2016
...update complete
...backupsubs complete
Sun Oct  9 11:00:32 UTC 2016
...update complete
...backupsubs complete
Mon Oct 10 11:00:31 UTC 2016
...update complete
...backupsubs complete
Tue Oct 11 11:00:31 UTC 2016
...update complete
...backupsubs complete
Wed Oct 12 11:00:31 UTC 2016
...update complete
...backupsubs complete
Thu Oct 13 11:00:31 UTC 2016
...update complete
...backupsubs complete
Fri Oct 14 11:00:31 UTC 2016
...update complete
...backupsubs complete
Sat Oct 15 11:00:31 UTC 2016
...update complete
...backupsubs complete
Sun Oct 16 11:00:31 UTC 2016
...update complete
...backupsubs complete
Mon Oct 17 11:00:31 UTC 2016
...update complete
...backupsubs complete
Tue Oct 18 11:00:31 UTC 2016
...update complete
...backupsubs complete
Wed Oct 19 11:00:31 UTC 2016
...update complete
...backupsubs complete
Thu Oct 20 11:11:02 UTC 2016
...update complete
...backupsubs complete
Fri Oct 21 11:00:32 UTC 2016
...update complete
...backupsubs complete
Sat Oct 22 11:00:31 UTC 2016
...update complete
...backupsubs complete
Sun Oct 23 11:00:31 UTC 2016
...update complete
...backupsubs complete
Mon Oct 24 11:00:32 UTC 2016
...update complete
...backupsubs complete
Tue Oct 25 11:00:32 UTC 2016
...update complete
...backupsubs complete
Wed Oct 26 11:00:31 UTC 2016
...update complete
...backupsubs complete
Thu Oct 27 11:00:31 UTC 2016
...update complete
...backupsubs complete
Fri Oct 28 11:00:31 UTC 2016
...update complete
...backupsubs complete
Sat Oct 29 11:00:31 UTC 2016
...update complete
...backupsubs complete
Sun Oct 30 11:00:31 UTC 2016
...update complete
...backupsubs complete
Mon Oct 31 11:00:32 UTC 2016
...update complete
...backupsubs complete
Tue Nov  1 11:00:31 UTC 2016
...update complete
...backupsubs complete
Wed Nov  2 11:00:32 UTC 2016
...update complete
...backupsubs complete
Thu Nov  3 11:00:31 UTC 2016
...update complete
...backupsubs complete
Fri Nov  4 11:00:32 UTC 2016
...update complete
...backupsubs complete
Sat Nov  5 11:00:32 UTC 2016
...update complete
...backupsubs complete
Sun Nov  6 11:00:32 UTC 2016
...update complete
...backupsubs complete
Mon Nov  7 11:00:32 UTC 2016
...update complete
...backupsubs complete
Tue Nov  8 11:00:32 UTC 2016
...update complete
...backupsubs complete
Wed Nov  9 11:00:31 UTC 2016
...update complete
...backupsubs complete
Thu Nov 10 11:00:31 UTC 2016
...update complete
...backupsubs complete
Fri Nov 11 11:00:31 UTC 2016
...update complete
...backupsubs complete
Sat Nov 12 11:00:32 UTC 2016
...update complete
...backupsubs complete
Sun Nov 13 11:00:31 UTC 2016
...update complete
...backupsubs complete
Mon Nov 14 11:00:32 UTC 2016
...update complete
...backupsubs complete
Tue Nov 15 11:00:31 UTC 2016
...update complete
...backupsubs complete
Wed Nov 16 11:00:31 UTC 2016
...update complete
...backupsubs complete
Thu Nov 17 11:00:31 UTC 2016
...update complete
...backupsubs complete
Fri Nov 18 11:00:31 UTC 2016
...update complete
...backupsubs complete
Sat Nov 19 11:00:31 UTC 2016
...update complete
...backupsubs complete
Sun Nov 20 11:00:32 UTC 2016
...update complete
...backupsubs complete
Mon Nov 21 11:00:31 UTC 2016
...update complete
...backupsubs complete
Tue Nov 22 11:00:31 UTC 2016
...update complete
...backupsubs complete
Wed Nov 23 11:00:31 UTC 2016
...update complete
...backupsubs complete
Thu Nov 24 11:00:31 UTC 2016
...update complete
...backupsubs complete
Fri Nov 25 11:00:31 UTC 2016
...update complete
...backupsubs complete
Sat Nov 26 11:00:31 UTC 2016
...update complete
...backupsubs complete
Sun Nov 27 11:00:32 UTC 2016
...update complete
...backupsubs complete
Mon Nov 28 11:00:32 UTC 2016
...update complete
...backupsubs complete
Tue Nov 29 11:00:31 UTC 2016
...update complete
...backupsubs complete
Wed Nov 30 11:00:31 UTC 2016
...update complete
...backupsubs complete
Thu Dec  1 11:00:32 UTC 2016
...update complete
...backupsubs complete
Fri Dec  2 11:00:31 UTC 2016
...update complete
...backupsubs complete
Sat Dec  3 11:00:31 UTC 2016
...update complete
...backupsubs complete
Sat Dec  3 09:01:19 PST 2016
...update complete
...backupsubs complete
Sun Dec  4 11:00:31 UTC 2016
...update complete
...backupsubs complete
Mon Dec  5 11:00:31 UTC 2016
...update complete
...backupsubs complete
Tue Dec  6 11:00:31 UTC 2016
...update complete
...backupsubs complete
Wed Dec  7 11:00:32 UTC 2016
...update complete
...backupsubs complete
Thu Dec  8 11:00:31 UTC 2016
...update complete
...backupsubs complete
Fri Dec  9 11:00:32 UTC 2016
...update complete
...backupsubs complete
Sat Dec 10 11:00:32 UTC 2016
...update complete
...backupsubs complete
Sun Dec 11 11:00:31 UTC 2016
...update complete
...backupsubs complete
Mon Dec 12 11:00:31 UTC 2016
...update complete
...backupsubs complete
Tue Dec 13 11:00:31 UTC 2016
...update complete
...backupsubs complete
Wed Dec 14 11:00:31 UTC 2016
...update complete
...backupsubs complete
Thu Dec 15 11:00:31 UTC 2016
...update complete
...backupsubs complete
Fri Dec 16 11:00:32 UTC 2016
...update complete
...backupsubs complete
Sat Dec 17 11:00:31 UTC 2016
...update complete
...backupsubs complete
Sun Dec 18 11:00:31 UTC 2016
...update complete
...backupsubs complete
Mon Dec 19 11:00:32 UTC 2016
...update complete
...backupsubs complete
Tue Dec 20 11:00:32 UTC 2016
...update complete
...backupsubs complete
Wed Dec 21 11:00:31 UTC 2016
...update complete
...backupsubs complete
Thu Dec 22 11:00:31 UTC 2016
...update complete
...backupsubs complete
Fri Dec 23 11:00:32 UTC 2016
...update complete
...backupsubs complete
Sat Dec 24 11:00:32 UTC 2016
...update complete
...backupsubs complete
Sun Dec 25 11:00:31 UTC 2016
...update complete
...backupsubs complete
Mon Dec 26 11:00:31 UTC 2016
...update complete
...backupsubs complete
Tue Dec 27 11:00:31 UTC 2016
...update complete
...backupsubs complete
Wed Dec 28 11:00:31 UTC 2016
...update complete
...backupsubs complete
Thu Dec 29 11:00:32 UTC 2016
...update complete
...backupsubs complete
Fri Dec 30 11:00:31 UTC 2016
...update complete
...backupsubs complete
Sat Dec 31 11:00:31 UTC 2016
...update complete
...backupsubs complete
Sun Jan  1 11:00:31 UTC 2017
...update complete
...backupsubs complete
Mon Jan  2 11:00:32 UTC 2017
...update complete
...backupsubs complete
Tue Jan  3 11:00:31 UTC 2017
...update complete
...backupsubs complete
Wed Jan  4 11:00:31 UTC 2017
...update complete
...backupsubs complete
Thu Jan  5 11:00:31 UTC 2017
...update complete
...backupsubs complete
Fri Jan  6 11:00:31 UTC 2017
...update complete
...backupsubs complete
Sat Jan  7 11:00:31 UTC 2017
...update complete
...backupsubs complete
Sun Jan  8 11:00:32 UTC 2017
...update complete
...backupsubs complete
Mon Jan  9 11:00:32 UTC 2017
...update complete
...backupsubs complete
Tue Jan 10 11:00:31 UTC 2017
...update complete
...backupsubs complete
Wed Jan 11 11:00:31 UTC 2017
...update complete
...backupsubs complete
Thu Jan 12 11:00:31 UTC 2017
...update complete
...backupsubs complete
Fri Jan 13 11:00:31 UTC 2017
...update complete
...backupsubs complete
Sat Jan 14 11:00:32 UTC 2017
...update complete
...backupsubs complete
Wed Jan 18 05:38:10 UTC 2017
...update complete
...backupsubs complete
Wed Jan 18 05:44:33 UTC 2017
...update complete
...backupsubs complete
Wed Jan 18 05:48:09 UTC 2017
...update complete
...backupsubs complete
Wed Jan 18 05:54:48 UTC 2017
...update complete
...backupsubs complete
Thu Jan 19 08:09:22 UTC 2017
...update complete
...backupsubs complete
Fri Jan 20 07:31:35 UTC 2017
...update complete
...backupsubs complete
Sat Jan 21 10:17:05 UTC 2017
...update complete
...backupsubs complete
Sun Jan 22 06:57:17 UTC 2017
...update complete
...backupsubs complete
Mon Jan 23 08:35:08 UTC 2017
...update complete
...backupsubs complete
Tue Jan 24 07:58:02 UTC 2017
...update complete
...backupsubs complete
Wed Jan 25 07:00:32 UTC 2017
...update complete
...backupsubs complete
Thu Jan 26 07:02:46 UTC 2017
...update complete
...backupsubs complete
Fri Jan 27 07:18:41 UTC 2017
...update complete
...backupsubs complete
Sat Jan 28 07:14:55 UTC 2017
...update complete
...backupsubs complete
Sun Jan 29 08:27:03 UTC 2017
...update complete
...backupsubs complete
Mon Jan 30 08:40:34 UTC 2017
...update complete
...backupsubs complete
